# JRE version: OpenJDK Runtime Environment Temurin-17.0.9+9 (17.0.9+9) (build 17.0.9+9)
# Java VM: OpenJDK 64-Bit Server VM Temurin-17.0.9+9 (17.0.9+9, mixed mode, tiered, compressed oops, compressed class ptrs, parallel gc, windows-amd64)
GC Precious Log:
 CPUs: 4 total, 4 available
 Memory: 8086M
 Large Page Support: Disabled
 NUMA Support: Disabled
 Compressed Oops: Enabled (32-bit)
 Alignments: Space 512K, Generation 512K, Heap 2M
 Heap Min Capacity: 100M
 Heap Initial Capacity: 100M
 Heap Max Capacity: 1G
 Pre-touch: Disabled
 Parallel Workers: 4
Heap:
 PSYoungGen      total 13312K, used 7153K [0x00000000eab00000, 0x00000000eee00000, 0x0000000100000000)
  eden space 6144K, 0% used [0x00000000eab00000,0x00000000eab00000,0x00000000eb100000)
  from space 7168K, 99% used [0x00000000ec780000,0x00000000ece7c688,0x00000000ece80000)
  to   space 23040K, 0% used [0x00000000eb100000,0x00000000eb100000,0x00000000ec780000)
 ParOldGen       total 292864K, used 285928K [0x00000000c0000000, 0x00000000d1e00000, 0x00000000eab00000)
  object space 292864K, 97% used [0x00000000c0000000,0x00000000d173a030,0x00000000d1e00000)
 Metaspace       used 69944K, committed 71296K, reserved 1114112K
  class space    used 7378K, committed 7936K, reserved 1048576K
GC Heap History (20 events):
Event: 25.818 GC heap after
{Heap after GC invocations=238 (full 9):
 PSYoungGen      total 16384K, used 3012K [0x00000000eab00000, 0x00000000ec100000, 0x0000000100000000)
  eden space 13312K, 0% used [0x00000000eab00000,0x00000000eab00000,0x00000000eb800000)
  from space 3072K, 98% used [0x00000000ebe00000,0x00000000ec0f1320,0x00000000ec100000)
  to   space 4096K, 0% used [0x00000000eb900000,0x00000000eb900000,0x00000000ebd00000)
 ParOldGen       total 249344K, used 242669K [0x00000000c0000000, 0x00000000cf380000, 0x00000000eab00000)
  object space 249344K, 97% used [0x00000000c0000000,0x00000000cecfb510,0x00000000cf380000)
 Metaspace       used 69925K, committed 71296K, reserved 1114112K
  class space    used 7377K, committed 7936K, reserved 1048576K
}
Event: 25.852 GC heap before
{Heap before GC invocations=239 (full 9):
 PSYoungGen      total 16384K, used 16324K [0x00000000eab00000, 0x00000000ec100000, 0x0000000100000000)
  eden space 13312K, 100% used [0x00000000eab00000,0x00000000eb800000,0x00000000eb800000)
  from space 3072K, 98% used [0x00000000ebe00000,0x00000000ec0f1320,0x00000000ec100000)
  to   space 4096K, 0% used [0x00000000eb900000,0x00000000eb900000,0x00000000ebd00000)
 ParOldGen       total 249344K, used 242669K [0x00000000c0000000, 0x00000000cf380000, 0x00000000eab00000)
  object space 249344K, 97% used [0x00000000c0000000,0x00000000cecfb510,0x00000000cf380000)
 Metaspace       used 69925K, committed 71296K, reserved 1114112K
  class space    used 7377K, committed 7936K, reserved 1048576K
}
Event: 25.856 GC heap after
{Heap after GC invocations=239 (full 9):
 PSYoungGen      total 17408K, used 4088K [0x00000000eab00000, 0x00000000ec700000, 0x0000000100000000)
  eden space 13312K, 0% used [0x00000000eab00000,0x00000000eab00000,0x00000000eb800000)
  from space 4096K, 99% used [0x00000000eb900000,0x00000000ebcfe2b0,0x00000000ebd00000)
  to   space 7680K, 0% used [0x00000000ebf80000,0x00000000ebf80000,0x00000000ec700000)
 ParOldGen       total 249344K, used 245392K [0x00000000c0000000, 0x00000000cf380000, 0x00000000eab00000)
  object space 249344K, 98% used [0x00000000c0000000,0x00000000cefa43e8,0x00000000cf380000)
 Metaspace       used 69925K, committed 71296K, reserved 1114112K
  class space    used 7377K, committed 7936K, reserved 1048576K
}
Event: 25.904 GC heap before
{Heap before GC invocations=240 (full 9):
 PSYoungGen      total 17408K, used 17400K [0x00000000eab00000, 0x00000000ec700000, 0x0000000100000000)
  eden space 13312K, 100% used [0x00000000eab00000,0x00000000eb800000,0x00000000eb800000)
  from space 4096K, 99% used [0x00000000eb900000,0x00000000ebcfe2b0,0x00000000ebd00000)
  to   space 7680K, 0% used [0x00000000ebf80000,0x00000000ebf80000,0x00000000ec700000)
 ParOldGen       total 249344K, used 245392K [0x00000000c0000000, 0x00000000cf380000, 0x00000000eab00000)
  object space 249344K, 98% used [0x00000000c0000000,0x00000000cefa43e8,0x00000000cf380000)
 Metaspace       used 69925K, committed 71296K, reserved 1114112K
  class space    used 7377K, committed 7936K, reserved 1048576K
}
Event: 25.910 GC heap after
{Heap after GC invocations=240 (full 9):
 PSYoungGen      total 16896K, used 3434K [0x00000000eab00000, 0x00000000ec300000, 0x0000000100000000)
  eden space 13312K, 0% used [0x00000000eab00000,0x00000000eab00000,0x00000000eb800000)
  from space 3584K, 95% used [0x00000000ebf80000,0x00000000ec2da960,0x00000000ec300000)
  to   space 5120K, 0% used [0x00000000eb900000,0x00000000eb900000,0x00000000ebe00000)
 ParOldGen       total 249856K, used 249468K [0x00000000c0000000, 0x00000000cf400000, 0x00000000eab00000)
  object space 249856K, 99% used [0x00000000c0000000,0x00000000cf39f138,0x00000000cf400000)
 Metaspace       used 69925K, committed 71296K, reserved 1114112K
  class space    used 7377K, committed 7936K, reserved 1048576K
}
Event: 25.910 GC heap before
{Heap before GC invocations=241 (full 10):
 PSYoungGen      total 16896K, used 3434K [0x00000000eab00000, 0x00000000ec300000, 0x0000000100000000)
  eden space 13312K, 0% used [0x00000000eab00000,0x00000000eab00000,0x00000000eb800000)
  from space 3584K, 95% used [0x00000000ebf80000,0x00000000ec2da960,0x00000000ec300000)
  to   space 5120K, 0% used [0x00000000eb900000,0x00000000eb900000,0x00000000ebe00000)
 ParOldGen       total 249856K, used 249468K [0x00000000c0000000, 0x00000000cf400000, 0x00000000eab00000)
  object space 249856K, 99% used [0x00000000c0000000,0x00000000cf39f138,0x00000000cf400000)
 Metaspace       used 69925K, committed 71296K, reserved 1114112K
  class space    used 7377K, committed 7936K, reserved 1048576K
}
Event: 26.345 GC heap after
{Heap after GC invocations=241 (full 10):
 PSYoungGen      total 18432K, used 776K [0x00000000eab00000, 0x00000000ec380000, 0x0000000100000000)
  eden space 14848K, 0% used [0x00000000eab00000,0x00000000eab00000,0x00000000eb980000)
  from space 3584K, 21% used [0x00000000ebf80000,0x00000000ec042098,0x00000000ec300000)
  to   space 5120K, 0% used [0x00000000eb980000,0x00000000eb980000,0x00000000ebe80000)
 ParOldGen       total 292864K, used 249683K [0x00000000c0000000, 0x00000000d1e00000, 0x00000000eab00000)
  object space 292864K, 85% used [0x00000000c0000000,0x00000000cf3d4c28,0x00000000d1e00000)
 Metaspace       used 69925K, committed 71296K, reserved 1114112K
  class space    used 7377K, committed 7936K, reserved 1048576K
}
Event: 26.368 GC heap before
{Heap before GC invocations=242 (full 10):
 PSYoungGen      total 18432K, used 15624K [0x00000000eab00000, 0x00000000ec380000, 0x0000000100000000)
  eden space 14848K, 100% used [0x00000000eab00000,0x00000000eb980000,0x00000000eb980000)
  from space 3584K, 21% used [0x00000000ebf80000,0x00000000ec042098,0x00000000ec300000)
  to   space 5120K, 0% used [0x00000000eb980000,0x00000000eb980000,0x00000000ebe80000)
 ParOldGen       total 292864K, used 249683K [0x00000000c0000000, 0x00000000d1e00000, 0x00000000eab00000)
  object space 292864K, 85% used [0x00000000c0000000,0x00000000cf3d4c28,0x00000000d1e00000)
 Metaspace       used 69925K, committed 71296K, reserved 1114112K
  class space    used 7377K, committed 7936K, reserved 1048576K
}
Event: 26.389 GC heap after
{Heap after GC invocations=242 (full 10):
 PSYoungGen      total 19968K, used 5094K [0x00000000eab00000, 0x00000000ec700000, 0x0000000100000000)
  eden space 14848K, 0% used [0x00000000eab00000,0x00000000eab00000,0x00000000eb980000)
  from space 5120K, 99% used [0x00000000eb980000,0x00000000ebe79960,0x00000000ebe80000)
  to   space 6144K, 0% used [0x00000000ec100000,0x00000000ec100000,0x00000000ec700000)
 ParOldGen       total 292864K, used 249903K [0x00000000c0000000, 0x00000000d1e00000, 0x00000000eab00000)
  object space 292864K, 85% used [0x00000000c0000000,0x00000000cf40bc38,0x00000000d1e00000)
 Metaspace       used 69925K, committed 71296K, reserved 1114112K
  class space    used 7377K, committed 7936K, reserved 1048576K
}
Event: 26.411 GC heap before
{Heap before GC invocations=243 (full 10):
 PSYoungGen      total 19968K, used 19942K [0x00000000eab00000, 0x00000000ec700000, 0x0000000100000000)
  eden space 14848K, 100% used [0x00000000eab00000,0x00000000eb980000,0x00000000eb980000)
  from space 5120K, 99% used [0x00000000eb980000,0x00000000ebe79960,0x00000000ebe80000)
  to   space 6144K, 0% used [0x00000000ec100000,0x00000000ec100000,0x00000000ec700000)
 ParOldGen       total 292864K, used 249903K [0x00000000c0000000, 0x00000000d1e00000, 0x00000000eab00000)
  object space 292864K, 85% used [0x00000000c0000000,0x00000000cf40bc38,0x00000000d1e00000)
 Metaspace       used 69925K, committed 71296K, reserved 1114112K
  class space    used 7377K, committed 7936K, reserved 1048576K
}
Event: 26.417 GC heap after
{Heap after GC invocations=243 (full 10):
 PSYoungGen      total 21504K, used 5013K [0x00000000eab00000, 0x00000000ec600000, 0x0000000100000000)
  eden space 16384K, 0% used [0x00000000eab00000,0x00000000eab00000,0x00000000ebb00000)
  from space 5120K, 97% used [0x00000000ec100000,0x00000000ec5e5698,0x00000000ec600000)
  to   space 5120K, 0% used [0x00000000ebc00000,0x00000000ebc00000,0x00000000ec100000)
 ParOldGen       total 292864K, used 254710K [0x00000000c0000000, 0x00000000d1e00000, 0x00000000eab00000)
  object space 292864K, 86% used [0x00000000c0000000,0x00000000cf8bdaf0,0x00000000d1e00000)
 Metaspace       used 69925K, committed 71296K, reserved 1114112K
  class space    used 7377K, committed 7936K, reserved 1048576K
}
Event: 26.432 GC heap before
{Heap before GC invocations=244 (full 10):
 PSYoungGen      total 21504K, used 21397K [0x00000000eab00000, 0x00000000ec600000, 0x0000000100000000)
  eden space 16384K, 100% used [0x00000000eab00000,0x00000000ebb00000,0x00000000ebb00000)
  from space 5120K, 97% used [0x00000000ec100000,0x00000000ec5e5698,0x00000000ec600000)
  to   space 5120K, 0% used [0x00000000ebc00000,0x00000000ebc00000,0x00000000ec100000)
 ParOldGen       total 292864K, used 254710K [0x00000000c0000000, 0x00000000d1e00000, 0x00000000eab00000)
  object space 292864K, 86% used [0x00000000c0000000,0x00000000cf8bdaf0,0x00000000d1e00000)
 Metaspace       used 69925K, committed 71296K, reserved 1114112K
  class space    used 7377K, committed 7936K, reserved 1048576K
}
Event: 26.438 GC heap after
{Heap after GC invocations=244 (full 10):
 PSYoungGen      total 22528K, used 5111K [0x00000000eab00000, 0x00000000ed500000, 0x0000000100000000)
  eden space 17408K, 0% used [0x00000000eab00000,0x00000000eab00000,0x00000000ebc00000)
  from space 5120K, 99% used [0x00000000ebc00000,0x00000000ec0fde70,0x00000000ec100000)
  to   space 12288K, 0% used [0x00000000ec900000,0x00000000ec900000,0x00000000ed500000)
 ParOldGen       total 292864K, used 260569K [0x00000000c0000000, 0x00000000d1e00000, 0x00000000eab00000)
  object space 292864K, 88% used [0x00000000c0000000,0x00000000cfe766c0,0x00000000d1e00000)
 Metaspace       used 69925K, committed 71296K, reserved 1114112K
  class space    used 7377K, committed 7936K, reserved 1048576K
}
Event: 26.452 GC heap before
{Heap before GC invocations=245 (full 10):
 PSYoungGen      total 22528K, used 22519K [0x00000000eab00000, 0x00000000ed500000, 0x0000000100000000)
  eden space 17408K, 100% used [0x00000000eab00000,0x00000000ebc00000,0x00000000ebc00000)
  from space 5120K, 99% used [0x00000000ebc00000,0x00000000ec0fde70,0x00000000ec100000)
  to   space 12288K, 0% used [0x00000000ec900000,0x00000000ec900000,0x00000000ed500000)
 ParOldGen       total 292864K, used 260569K [0x00000000c0000000, 0x00000000d1e00000, 0x00000000eab00000)
  object space 292864K, 88% used [0x00000000c0000000,0x00000000cfe766c0,0x00000000d1e00000)
 Metaspace       used 69925K, committed 71296K, reserved 1114112K
  class space    used 7377K, committed 7936K, reserved 1048576K
}
Event: 26.459 GC heap after
{Heap after GC invocations=245 (full 10):
 PSYoungGen      total 26624K, used 7101K [0x00000000eab00000, 0x00000000ed000000, 0x0000000100000000)
  eden space 19456K, 0% used [0x00000000eab00000,0x00000000eab00000,0x00000000ebe00000)
  from space 7168K, 99% used [0x00000000ec900000,0x00000000ecfef590,0x00000000ed000000)
  to   space 8704K, 0% used [0x00000000ebf00000,0x00000000ebf00000,0x00000000ec780000)
 ParOldGen       total 292864K, used 265610K [0x00000000c0000000, 0x00000000d1e00000, 0x00000000eab00000)
  object space 292864K, 90% used [0x00000000c0000000,0x00000000d03628e8,0x00000000d1e00000)
 Metaspace       used 69925K, committed 71296K, reserved 1114112K
  class space    used 7377K, committed 7936K, reserved 1048576K
}
Event: 26.777 GC heap before
{Heap before GC invocations=246 (full 10):
 PSYoungGen      total 26624K, used 26557K [0x00000000eab00000, 0x00000000ed000000, 0x0000000100000000)
  eden space 19456K, 100% used [0x00000000eab00000,0x00000000ebe00000,0x00000000ebe00000)
  from space 7168K, 99% used [0x00000000ec900000,0x00000000ecfef590,0x00000000ed000000)
  to   space 8704K, 0% used [0x00000000ebf00000,0x00000000ebf00000,0x00000000ec780000)
 ParOldGen       total 292864K, used 265610K [0x00000000c0000000, 0x00000000d1e00000, 0x00000000eab00000)
  object space 292864K, 90% used [0x00000000c0000000,0x00000000d03628e8,0x00000000d1e00000)
 Metaspace       used 69944K, committed 71296K, reserved 1114112K
  class space    used 7378K, committed 7936K, reserved 1048576K
}
Event: 26.785 GC heap after
{Heap after GC invocations=246 (full 10):
 PSYoungGen      total 29184K, used 6837K [0x00000000eab00000, 0x00000000ece80000, 0x0000000100000000)
  eden space 20480K, 0% used [0x00000000eab00000,0x00000000eab00000,0x00000000ebf00000)
  from space 8704K, 78% used [0x00000000ebf00000,0x00000000ec5ad710,0x00000000ec780000)
  to   space 7168K, 0% used [0x00000000ec780000,0x00000000ec780000,0x00000000ece80000)
 ParOldGen       total 292864K, used 272544K [0x00000000c0000000, 0x00000000d1e00000, 0x00000000eab00000)
  object space 292864K, 93% used [0x00000000c0000000,0x00000000d0a28260,0x00000000d1e00000)
 Metaspace       used 69944K, committed 71296K, reserved 1114112K
  class space    used 7378K, committed 7936K, reserved 1048576K
}
Event: 27.210 GC heap before
{Heap before GC invocations=247 (full 10):
 PSYoungGen      total 29184K, used 27280K [0x00000000eab00000, 0x00000000ece80000, 0x0000000100000000)
  eden space 20480K, 99% used [0x00000000eab00000,0x00000000ebef6a20,0x00000000ebf00000)
  from space 8704K, 78% used [0x00000000ebf00000,0x00000000ec5ad710,0x00000000ec780000)
  to   space 7168K, 0% used [0x00000000ec780000,0x00000000ec780000,0x00000000ece80000)
 ParOldGen       total 292864K, used 272544K [0x00000000c0000000, 0x00000000d1e00000, 0x00000000eab00000)
  object space 292864K, 93% used [0x00000000c0000000,0x00000000d0a28260,0x00000000d1e00000)
 Metaspace       used 69944K, committed 71296K, reserved 1114112K
  class space    used 7378K, committed 7936K, reserved 1048576K
}
Event: 27.228 GC heap after
{Heap after GC invocations=247 (full 10):
 PSYoungGen      total 13312K, used 7153K [0x00000000eab00000, 0x00000000eee00000, 0x0000000100000000)
  eden space 6144K, 0% used [0x00000000eab00000,0x00000000eab00000,0x00000000eb100000)
  from space 7168K, 99% used [0x00000000ec780000,0x00000000ece7c688,0x00000000ece80000)
  to   space 23040K, 0% used [0x00000000eb100000,0x00000000eb100000,0x00000000ec780000)
 ParOldGen       total 292864K, used 285928K [0x00000000c0000000, 0x00000000d1e00000, 0x00000000eab00000)
  object space 292864K, 97% used [0x00000000c0000000,0x00000000d173a030,0x00000000d1e00000)
 Metaspace       used 69944K, committed 71296K, reserved 1114112K
  class space    used 7378K, committed 7936K, reserved 1048576K
}
Event: 27.228 GC heap before
{Heap before GC invocations=248 (full 11):
 PSYoungGen      total 13312K, used 7153K [0x00000000eab00000, 0x00000000eee00000, 0x0000000100000000)
  eden space 6144K, 0% used [0x00000000eab00000,0x00000000eab00000,0x00000000eb100000)
  from space 7168K, 99% used [0x00000000ec780000,0x00000000ece7c688,0x00000000ece80000)
  to   space 23040K, 0% used [0x00000000eb100000,0x00000000eb100000,0x00000000ec780000)
 ParOldGen       total 292864K, used 285928K [0x00000000c0000000, 0x00000000d1e00000, 0x00000000eab00000)
  object space 292864K, 97% used [0x00000000c0000000,0x00000000d173a030,0x00000000d1e00000)
 Metaspace       used 69944K, committed 71296K, reserved 1114112K
  class space    used 7378K, committed 7936K, reserved 1048576K
}

