# JRE version: OpenJDK Runtime Environment Temurin-17.0.9+9 (17.0.9+9) (build 17.0.9+9)
# Java VM: OpenJDK 64-Bit Server VM Temurin-17.0.9+9 (17.0.9+9, mixed mode, emulated-client, tiered, compressed oops, compressed class ptrs, g1 gc, windows-amd64)
GC Precious Log:
 CPUs: 4 total, 4 available
 Memory: 8086M
 Large Page Support: Disabled
 NUMA Support: Disabled
 Compressed Oops: Enabled (32-bit)
 Heap Region Size: 1M
 Heap Min Capacity: 8M
 Heap Initial Capacity: 128M
 Heap Max Capacity: 1G
 Pre-touch: Disabled
 Parallel Workers: 4
 Concurrent Workers: 1
 Concurrent Refinement Workers: 4
 Periodic GC: Disabled
Heap:
 garbage-first heap   total 73728K, used 28585K [0x00000000c0000000, 0x0000000100000000)
  region size 1024K, 1 young (1024K), 0 survivors (0K)
 Metaspace       used 57028K, committed 57792K, reserved 1114112K
  class space    used 7019K, committed 7296K, reserved 1048576K
GC Heap History (20 events):
Event: 5.465 GC heap after
{Heap after GC invocations=7 (full 0):
 garbage-first heap   total 71680K, used 24658K [0x00000000c0000000, 0x0000000100000000)
  region size 1024K, 3 young (3072K), 3 survivors (3072K)
 Metaspace       used 31899K, committed 32256K, reserved 1114112K
  class space    used 4047K, committed 4224K, reserved 1048576K
}
Event: 6.204 GC heap before
{Heap before GC invocations=7 (full 0):
 garbage-first heap   total 71680K, used 49234K [0x00000000c0000000, 0x0000000100000000)
  region size 1024K, 28 young (28672K), 3 survivors (3072K)
 Metaspace       used 35819K, committed 36224K, reserved 1114112K
  class space    used 4616K, committed 4800K, reserved 1048576K
}
Event: 6.210 GC heap after
{Heap after GC invocations=8 (full 0):
 garbage-first heap   total 71680K, used 26662K [0x00000000c0000000, 0x0000000100000000)
  region size 1024K, 3 young (3072K), 3 survivors (3072K)
 Metaspace       used 35819K, committed 36224K, reserved 1114112K
  class space    used 4616K, committed 4800K, reserved 1048576K
}
Event: 6.251 GC heap before
{Heap before GC invocations=8 (full 0):
 garbage-first heap   total 71680K, used 26662K [0x00000000c0000000, 0x0000000100000000)
  region size 1024K, 4 young (4096K), 3 survivors (3072K)
 Metaspace       used 36042K, committed 36416K, reserved 1114112K
  class space    used 4651K, committed 4864K, reserved 1048576K
}
Event: 6.255 GC heap after
{Heap after GC invocations=9 (full 0):
 garbage-first heap   total 71680K, used 27226K [0x00000000c0000000, 0x0000000100000000)
  region size 1024K, 1 young (1024K), 1 survivors (1024K)
 Metaspace       used 36042K, committed 36416K, reserved 1114112K
  class space    used 4651K, committed 4864K, reserved 1048576K
}
Event: 11.223 GC heap before
{Heap before GC invocations=10 (full 0):
 garbage-first heap   total 71680K, used 50778K [0x00000000c0000000, 0x0000000100000000)
  region size 1024K, 25 young (25600K), 1 survivors (1024K)
 Metaspace       used 39560K, committed 40000K, reserved 1114112K
  class space    used 5219K, committed 5440K, reserved 1048576K
}
Event: 11.227 GC heap after
{Heap after GC invocations=11 (full 0):
 garbage-first heap   total 71680K, used 28770K [0x00000000c0000000, 0x0000000100000000)
  region size 1024K, 2 young (2048K), 2 survivors (2048K)
 Metaspace       used 39560K, committed 40000K, reserved 1114112K
  class space    used 5219K, committed 5440K, reserved 1048576K
}
Event: 11.699 GC heap before
{Heap before GC invocations=11 (full 0):
 garbage-first heap   total 71680K, used 53346K [0x00000000c0000000, 0x0000000100000000)
  region size 1024K, 26 young (26624K), 2 survivors (2048K)
 Metaspace       used 43871K, committed 44416K, reserved 1114112K
  class space    used 5503K, committed 5760K, reserved 1048576K
}
Event: 11.704 GC heap after
{Heap after GC invocations=12 (full 0):
 garbage-first heap   total 71680K, used 30782K [0x00000000c0000000, 0x0000000100000000)
  region size 1024K, 4 young (4096K), 4 survivors (4096K)
 Metaspace       used 43871K, committed 44416K, reserved 1114112K
  class space    used 5503K, committed 5760K, reserved 1048576K
}
Event: 12.133 GC heap before
{Heap before GC invocations=12 (full 0):
 garbage-first heap   total 71680K, used 53310K [0x00000000c0000000, 0x0000000100000000)
  region size 1024K, 27 young (27648K), 4 survivors (4096K)
 Metaspace       used 47637K, committed 48064K, reserved 1114112K
  class space    used 5887K, committed 6080K, reserved 1048576K
}
Event: 12.139 GC heap after
{Heap after GC invocations=13 (full 0):
 garbage-first heap   total 71680K, used 36104K [0x00000000c0000000, 0x0000000100000000)
  region size 1024K, 4 young (4096K), 4 survivors (4096K)
 Metaspace       used 47637K, committed 48064K, reserved 1114112K
  class space    used 5887K, committed 6080K, reserved 1048576K
}
Event: 12.609 GC heap before
{Heap before GC invocations=13 (full 0):
 garbage-first heap   total 71680K, used 52488K [0x00000000c0000000, 0x0000000100000000)
  region size 1024K, 21 young (21504K), 4 survivors (4096K)
 Metaspace       used 52672K, committed 53120K, reserved 1114112K
  class space    used 6521K, committed 6720K, reserved 1048576K
}
Event: 12.616 GC heap after
{Heap after GC invocations=14 (full 0):
 garbage-first heap   total 71680K, used 38006K [0x00000000c0000000, 0x0000000100000000)
  region size 1024K, 2 young (2048K), 2 survivors (2048K)
 Metaspace       used 52672K, committed 53120K, reserved 1114112K
  class space    used 6521K, committed 6720K, reserved 1048576K
}
Event: 13.328 GC heap before
{Heap before GC invocations=15 (full 0):
 garbage-first heap   total 73728K, used 53366K [0x00000000c0000000, 0x0000000100000000)
  region size 1024K, 18 young (18432K), 2 survivors (2048K)
 Metaspace       used 55497K, committed 56000K, reserved 1114112K
  class space    used 6840K, committed 7040K, reserved 1048576K
}
Event: 13.333 GC heap after
{Heap after GC invocations=16 (full 0):
 garbage-first heap   total 73728K, used 39066K [0x00000000c0000000, 0x0000000100000000)
  region size 1024K, 3 young (3072K), 3 survivors (3072K)
 Metaspace       used 55497K, committed 56000K, reserved 1114112K
  class space    used 6840K, committed 7040K, reserved 1048576K
}
Event: 56.549 GC heap before
{Heap before GC invocations=16 (full 0):
 garbage-first heap   total 73728K, used 52378K [0x00000000c0000000, 0x0000000100000000)
  region size 1024K, 18 young (18432K), 3 survivors (3072K)
 Metaspace       used 57261K, committed 57792K, reserved 1114112K
  class space    used 7073K, committed 7296K, reserved 1048576K
}
Event: 56.594 GC heap after
{Heap after GC invocations=17 (full 1):
 garbage-first heap   total 73728K, used 35601K [0x00000000c0000000, 0x0000000100000000)
  region size 1024K, 0 young (0K), 0 survivors (0K)
 Metaspace       used 57261K, committed 57792K, reserved 1114112K
  class space    used 7073K, committed 7296K, reserved 1048576K
}
Event: 66.683 GC heap before
{Heap before GC invocations=17 (full 1):
 garbage-first heap   total 73728K, used 35601K [0x00000000c0000000, 0x0000000100000000)
  region size 1024K, 1 young (1024K), 0 survivors (0K)
 Metaspace       used 57262K, committed 57792K, reserved 1114112K
  class space    used 7073K, committed 7296K, reserved 1048576K
}
Event: 66.724 GC heap after
{Heap after GC invocations=18 (full 2):
 garbage-first heap   total 73728K, used 28387K [0x00000000c0000000, 0x0000000100000000)
  region size 1024K, 0 young (0K), 0 survivors (0K)
 Metaspace       used 57027K, committed 57792K, reserved 1114112K
  class space    used 7019K, committed 7296K, reserved 1048576K
}
Event: 76.877 GC heap before
{Heap before GC invocations=18 (full 2):
 garbage-first heap   total 73728K, used 28387K [0x00000000c0000000, 0x0000000100000000)
  region size 1024K, 1 young (1024K), 0 survivors (0K)
 Metaspace       used 57028K, committed 57792K, reserved 1114112K
  class space    used 7019K, committed 7296K, reserved 1048576K
}

